<?xml version="1.0" encoding="UTF-8"?>
<!-- Generated by org.testng.reporters.JUnitReportReporter -->
<testsuite hostname="BK7N00046993" name="com.selenium.Launch" tests="1" failures="0" timestamp="16 Mar 2017 11:52:50 GMT" time="0.060" errors="0">
  <testcase name="test1" time="0.060" classname="com.selenium.Launch"/>
</testsuite> <!-- com.selenium.Launch -->
